[debug] [2022-05-25T06:59:35.574Z] ----------------------------------------------------------------------
[debug] [2022-05-25T06:59:35.576Z] Command:       C:\Program Files\nodejs\node.exe C:\Users\sasoh\AppData\Roaming\npm\node_modules\firebase-tools\lib\bin\firebase.js deploy
[debug] [2022-05-25T06:59:35.576Z] CLI Version:   11.0.0
[debug] [2022-05-25T06:59:35.576Z] Platform:      win32
[debug] [2022-05-25T06:59:35.576Z] Node Version:  v16.15.0
[debug] [2022-05-25T06:59:35.579Z] Time:          Wed May 25 2022 12:59:35 GMT+0600 (Bangladesh Standard Time)
[debug] [2022-05-25T06:59:35.579Z] ----------------------------------------------------------------------
[debug] 
[debug] [2022-05-25T06:59:35.641Z] > command requires scopes: ["email","openid","https://www.googleapis.com/auth/cloudplatformprojects.readonly","https://www.googleapis.com/auth/firebase","https://www.googleapis.com/auth/cloud-platform"]
[debug] [2022-05-25T06:59:35.641Z] > authorizing via signed-in user (sasohanme@gmail.com)
[debug] [2022-05-25T06:59:35.641Z] [iam] checking project power-tools-b56dd for permissions ["firebase.projects.get","firebasehosting.sites.update"]
[debug] [2022-05-25T06:59:35.642Z] > refreshing access token with scopes: []
[debug] [2022-05-25T06:59:35.643Z] >>> HTTP REQUEST POST https://www.googleapis.com/oauth2/v3/token  
 <request body omitted>
[debug] [2022-05-25T06:59:37.390Z] <<< HTTP RESPONSE 200 {"date":"Wed, 25 May 2022 06:59:46 GMT","pragma":"no-cache","expires":"Mon, 01 Jan 1990 00:00:00 GMT","cache-control":"no-cache, no-store, max-age=0, must-revalidate","content-type":"application/json; charset=utf-8","vary":"X-Origin, Referer, Origin,Accept-Encoding","server":"scaffolding on HTTPServer2","x-xss-protection":"0","x-frame-options":"SAMEORIGIN","x-content-type-options":"nosniff","alt-svc":"h3=\":443\"; ma=2592000,h3-29=\":443\"; ma=2592000,h3-Q050=\":443\"; ma=2592000,h3-Q046=\":443\"; ma=2592000,h3-Q043=\":443\"; ma=2592000,quic=\":443\"; ma=2592000; v=\"46,43\"","accept-ranges":"none","transfer-encoding":"chunked"}
[debug] [2022-05-25T06:59:37.401Z] >>> [apiv2][query] POST https://cloudresourcemanager.googleapis.com/v1/projects/power-tools-b56dd:testIamPermissions [none]
[debug] [2022-05-25T06:59:37.401Z] >>> [apiv2][body] POST https://cloudresourcemanager.googleapis.com/v1/projects/power-tools-b56dd:testIamPermissions {"permissions":["firebase.projects.get","firebasehosting.sites.update"]}
[debug] [2022-05-25T06:59:39.592Z] <<< [apiv2][status] POST https://cloudresourcemanager.googleapis.com/v1/projects/power-tools-b56dd:testIamPermissions 200
[debug] [2022-05-25T06:59:39.592Z] <<< [apiv2][body] POST https://cloudresourcemanager.googleapis.com/v1/projects/power-tools-b56dd:testIamPermissions {"permissions":["firebase.projects.get","firebasehosting.sites.update"]}
[debug] [2022-05-25T06:59:39.593Z] >>> [apiv2][query] GET https://firebase.googleapis.com/v1beta1/projects/power-tools-b56dd [none]
[debug] [2022-05-25T06:59:40.709Z] <<< [apiv2][status] GET https://firebase.googleapis.com/v1beta1/projects/power-tools-b56dd 200
[debug] [2022-05-25T06:59:40.709Z] <<< [apiv2][body] GET https://firebase.googleapis.com/v1beta1/projects/power-tools-b56dd {"projectId":"power-tools-b56dd","projectNumber":"592456504131","displayName":"power-tools","name":"projects/power-tools-b56dd","resources":{"hostingSite":"power-tools-b56dd"},"state":"ACTIVE"}
[info] 
[info] === Deploying to 'power-tools-b56dd'...
[info] 
[info] i  deploying hosting 
[debug] [2022-05-25T06:59:40.712Z] >>> [apiv2][query] GET https://firebase.googleapis.com/v1beta1/projects/power-tools-b56dd [none]
[debug] [2022-05-25T06:59:42.164Z] <<< [apiv2][status] GET https://firebase.googleapis.com/v1beta1/projects/power-tools-b56dd 200
[debug] [2022-05-25T06:59:42.164Z] <<< [apiv2][body] GET https://firebase.googleapis.com/v1beta1/projects/power-tools-b56dd {"projectId":"power-tools-b56dd","projectNumber":"592456504131","displayName":"power-tools","name":"projects/power-tools-b56dd","resources":{"hostingSite":"power-tools-b56dd"},"state":"ACTIVE"}
[debug] [2022-05-25T06:59:42.166Z] >>> [apiv2][query] POST https://firebasehosting.googleapis.com/v1beta1/projects/592456504131/sites/power-tools-b56dd/versions [none]
[debug] [2022-05-25T06:59:42.166Z] >>> [apiv2][body] POST https://firebasehosting.googleapis.com/v1beta1/projects/592456504131/sites/power-tools-b56dd/versions {"config":{"rewrites":[{"glob":"**","path":"/index.html"}]},"labels":{"deployment-tool":"cli-firebase"}}
[debug] [2022-05-25T06:59:45.790Z] <<< [apiv2][status] POST https://firebasehosting.googleapis.com/v1beta1/projects/592456504131/sites/power-tools-b56dd/versions 200
[debug] [2022-05-25T06:59:45.791Z] <<< [apiv2][body] POST https://firebasehosting.googleapis.com/v1beta1/projects/592456504131/sites/power-tools-b56dd/versions {"name":"projects/592456504131/sites/power-tools-b56dd/versions/09ae16985e67f957","status":"CREATED","config":{"rewrites":[{"glob":"**","path":"/index.html"}]},"labels":{"deployment-tool":"cli-firebase"}}
[info] i  hosting[power-tools-b56dd]: beginning deploy... 
[info] i  hosting[power-tools-b56dd]: found 23 files in build 
[debug] [2022-05-25T06:59:45.802Z] [hosting] uploading with 200 concurrency
[debug] [2022-05-25T06:59:46.016Z] [hosting] hash cache [YnVpbGQ] stored for 23 files
[debug] [2022-05-25T06:59:46.017Z] [hosting][hash queue][FINAL] {"max":208,"min":2,"avg":21.47826086956522,"active":0,"complete":23,"success":23,"errored":0,"retried":0,"total":23,"elapsed":213}
[debug] [2022-05-25T06:59:46.017Z] >>> [apiv2][query] POST https://firebasehosting.googleapis.com/v1beta1/projects/592456504131/sites/power-tools-b56dd/versions/09ae16985e67f957:populateFiles [none]
[debug] [2022-05-25T06:59:46.017Z] >>> [apiv2][body] POST https://firebasehosting.googleapis.com/v1beta1/projects/592456504131/sites/power-tools-b56dd/versions/09ae16985e67f957:populateFiles {"files":{"/banner1.jpg":"ec11614110d054f25ce509e1b8300b6195d282993c63f2f84a3cdb07323cd815","/banner2.jpg":"60b5f4f564bb7231c86b458eb450d998774b2e77c7b59def2856ab0d7ed5bf03","/banner3.jpg":"499b27730ced537856853ba5a9bae2e9451004e3c12496349e920df7a52a49ba","/banner4.jpg":"4705055eed39270533a7774fc47d7ec2f344b1843691dde4964d956f08b91bdb","/favicon.ico":"eae62e993eb980ec8a25058c39d5a51feab118bd2100c4deebb2a9c158ec11f9","/logo192.png":"3ee59515172ee198f3be375979df15ac5345183e656720a381b8872b2a39dc8b","/logo512.png":"ee7e2f3fdb8209c4b6fd7bef6ba50d1b9dba30a25bb5c3126df057e1cb6f5331","/manifest.json":"aff3449bdc238776f5d6d967f19ec491b36aed5fb7f23ccff6500736fd58494a","/robots.txt":"bfe106a3fb878dc83461c86818bf74fc1bdc7f28538ba613cd3e775516ce8b49","/sale.jpg":"0c22047743898b514a72a744561b0ca56d83154804bc4652ef9007ac98546fe8","/suggestion.jpg":"cdd1d6ffea2ddb9b1d1bf996cefd9390565386dcb938af2dbe0cb5fd41348e67","/asset-manifest.json":"e7d741043ec75e9bfc3c617ac4598bdf666e8a0d318cb0fcfc87c85016bbc4d5","/static/js/787.78677257.chunk.js.map":"78a787741691fece1a83354c791d361f74aec2e1ab4b8afee71f6dccbebd5477","/static/js/787.78677257.chunk.js":"aad05ed6261f1bf6d2a736cb7e3d577c9f90c445258fdcda5c1c50121fcbacda","/index.html":"7ebde55bc052f5d6ce4b181d47eb29247d349dfec97860e98cf6cb5836b30d56","/static/js/main.35eaaad6.js.LICENSE.txt":"9fc11873fb68a0e19709423431ebb205aac248d12e73c6085f3a48b78ca87394","/static/css/main.0c3276e3.css.map":"71cc02ac9af2430385adbb6844a92d227680b3f00707ebb1c61a74cdcc7c6530","/static/css/main.0c3276e3.css":"123f5c339b7802274409ca252b744efc82f832dddce9069bd70468cc69187a35","/static/media/Business.7cbbac2bac1fc0994f92.jpg":"a8521f55d6539a6ff791a1ac4b1b57bb49a34c1171b57bc423f7aa5cec4c32d9","/static/media/NotFound.941eebb1b70c3c28410e.jpg":"c0c72fb1bfa4d82650f6cba5fe7af68cb5dd2e2810e93c9e30bcb8cdd94cd328","/static/js/main.35eaaad6.js":"4de49f899339a28f7b2c4267011b66d8f07b28199e0d0d6e505071e8e1c077ac","/static/media/portfolio.93a2170ada1005429f24.jpg":"a74bbc438ddbb55371a6fa126ff214566393761eb38d1489ddbd040bca40041f","/static/js/main.35eaaad6.js.map":"8357d55d62bc85a7e9e97f99fe9eb2c3b5cfc559ad10a65c02c6213e1544ecda"}}
[debug] [2022-05-25T06:59:49.548Z] <<< [apiv2][status] POST https://firebasehosting.googleapis.com/v1beta1/projects/592456504131/sites/power-tools-b56dd/versions/09ae16985e67f957:populateFiles 200
[debug] [2022-05-25T06:59:49.548Z] <<< [apiv2][body] POST https://firebasehosting.googleapis.com/v1beta1/projects/592456504131/sites/power-tools-b56dd/versions/09ae16985e67f957:populateFiles {"uploadRequiredHashes":["c0c72fb1bfa4d82650f6cba5fe7af68cb5dd2e2810e93c9e30bcb8cdd94cd328","7ebde55bc052f5d6ce4b181d47eb29247d349dfec97860e98cf6cb5836b30d56","123f5c339b7802274409ca252b744efc82f832dddce9069bd70468cc69187a35","e7d741043ec75e9bfc3c617ac4598bdf666e8a0d318cb0fcfc87c85016bbc4d5","71cc02ac9af2430385adbb6844a92d227680b3f00707ebb1c61a74cdcc7c6530","4de49f899339a28f7b2c4267011b66d8f07b28199e0d0d6e505071e8e1c077ac","8357d55d62bc85a7e9e97f99fe9eb2c3b5cfc559ad10a65c02c6213e1544ecda"],"uploadUrl":"https://upload-firebasehosting.googleapis.com/upload/sites/power-tools-b56dd/versions/09ae16985e67f957/files"}
[debug] [2022-05-25T06:59:49.550Z] >>> [apiv2][query] POST https://upload-firebasehosting.googleapis.com/upload/sites/power-tools-b56dd/versions/09ae16985e67f957/files/c0c72fb1bfa4d82650f6cba5fe7af68cb5dd2e2810e93c9e30bcb8cdd94cd328 [none]
[debug] [2022-05-25T06:59:49.550Z] >>> [apiv2][body] POST https://upload-firebasehosting.googleapis.com/upload/sites/power-tools-b56dd/versions/09ae16985e67f957/files/c0c72fb1bfa4d82650f6cba5fe7af68cb5dd2e2810e93c9e30bcb8cdd94cd328 [stream]
[debug] [2022-05-25T06:59:49.551Z] >>> [apiv2][query] POST https://upload-firebasehosting.googleapis.com/upload/sites/power-tools-b56dd/versions/09ae16985e67f957/files/7ebde55bc052f5d6ce4b181d47eb29247d349dfec97860e98cf6cb5836b30d56 [none]
[debug] [2022-05-25T06:59:49.551Z] >>> [apiv2][body] POST https://upload-firebasehosting.googleapis.com/upload/sites/power-tools-b56dd/versions/09ae16985e67f957/files/7ebde55bc052f5d6ce4b181d47eb29247d349dfec97860e98cf6cb5836b30d56 [stream]
[debug] [2022-05-25T06:59:49.552Z] >>> [apiv2][query] POST https://upload-firebasehosting.googleapis.com/upload/sites/power-tools-b56dd/versions/09ae16985e67f957/files/123f5c339b7802274409ca252b744efc82f832dddce9069bd70468cc69187a35 [none]
[debug] [2022-05-25T06:59:49.552Z] >>> [apiv2][body] POST https://upload-firebasehosting.googleapis.com/upload/sites/power-tools-b56dd/versions/09ae16985e67f957/files/123f5c339b7802274409ca252b744efc82f832dddce9069bd70468cc69187a35 [stream]
[debug] [2022-05-25T06:59:49.552Z] >>> [apiv2][query] POST https://upload-firebasehosting.googleapis.com/upload/sites/power-tools-b56dd/versions/09ae16985e67f957/files/e7d741043ec75e9bfc3c617ac4598bdf666e8a0d318cb0fcfc87c85016bbc4d5 [none]
[debug] [2022-05-25T06:59:49.553Z] >>> [apiv2][body] POST https://upload-firebasehosting.googleapis.com/upload/sites/power-tools-b56dd/versions/09ae16985e67f957/files/e7d741043ec75e9bfc3c617ac4598bdf666e8a0d318cb0fcfc87c85016bbc4d5 [stream]
[debug] [2022-05-25T06:59:49.553Z] >>> [apiv2][query] POST https://upload-firebasehosting.googleapis.com/upload/sites/power-tools-b56dd/versions/09ae16985e67f957/files/71cc02ac9af2430385adbb6844a92d227680b3f00707ebb1c61a74cdcc7c6530 [none]
[debug] [2022-05-25T06:59:49.553Z] >>> [apiv2][body] POST https://upload-firebasehosting.googleapis.com/upload/sites/power-tools-b56dd/versions/09ae16985e67f957/files/71cc02ac9af2430385adbb6844a92d227680b3f00707ebb1c61a74cdcc7c6530 [stream]
[debug] [2022-05-25T06:59:49.554Z] >>> [apiv2][query] POST https://upload-firebasehosting.googleapis.com/upload/sites/power-tools-b56dd/versions/09ae16985e67f957/files/4de49f899339a28f7b2c4267011b66d8f07b28199e0d0d6e505071e8e1c077ac [none]
[debug] [2022-05-25T06:59:49.554Z] >>> [apiv2][body] POST https://upload-firebasehosting.googleapis.com/upload/sites/power-tools-b56dd/versions/09ae16985e67f957/files/4de49f899339a28f7b2c4267011b66d8f07b28199e0d0d6e505071e8e1c077ac [stream]
[debug] [2022-05-25T06:59:49.555Z] >>> [apiv2][query] POST https://upload-firebasehosting.googleapis.com/upload/sites/power-tools-b56dd/versions/09ae16985e67f957/files/8357d55d62bc85a7e9e97f99fe9eb2c3b5cfc559ad10a65c02c6213e1544ecda [none]
[debug] [2022-05-25T06:59:49.555Z] >>> [apiv2][body] POST https://upload-firebasehosting.googleapis.com/upload/sites/power-tools-b56dd/versions/09ae16985e67f957/files/8357d55d62bc85a7e9e97f99fe9eb2c3b5cfc559ad10a65c02c6213e1544ecda [stream]
[debug] [2022-05-25T06:59:49.556Z] [hosting][populate queue][FINAL] {"max":3535,"min":3535,"avg":3535,"active":0,"complete":1,"success":1,"errored":0,"retried":0,"total":1,"elapsed":3541}
[debug] [2022-05-25T06:59:49.556Z] [hosting] uploads queued: 7
[debug] [2022-05-25T06:59:51.904Z] <<< [apiv2][status] POST https://upload-firebasehosting.googleapis.com/upload/sites/power-tools-b56dd/versions/09ae16985e67f957/files/123f5c339b7802274409ca252b744efc82f832dddce9069bd70468cc69187a35 200
[debug] [2022-05-25T06:59:51.905Z] <<< [apiv2][body] POST https://upload-firebasehosting.googleapis.com/upload/sites/power-tools-b56dd/versions/09ae16985e67f957/files/123f5c339b7802274409ca252b744efc82f832dddce9069bd70468cc69187a35 [stream]
[debug] [2022-05-25T06:59:51.975Z] <<< [apiv2][status] POST https://upload-firebasehosting.googleapis.com/upload/sites/power-tools-b56dd/versions/09ae16985e67f957/files/c0c72fb1bfa4d82650f6cba5fe7af68cb5dd2e2810e93c9e30bcb8cdd94cd328 200
[debug] [2022-05-25T06:59:51.975Z] <<< [apiv2][body] POST https://upload-firebasehosting.googleapis.com/upload/sites/power-tools-b56dd/versions/09ae16985e67f957/files/c0c72fb1bfa4d82650f6cba5fe7af68cb5dd2e2810e93c9e30bcb8cdd94cd328 [stream]
[debug] [2022-05-25T06:59:52.160Z] <<< [apiv2][status] POST https://upload-firebasehosting.googleapis.com/upload/sites/power-tools-b56dd/versions/09ae16985e67f957/files/4de49f899339a28f7b2c4267011b66d8f07b28199e0d0d6e505071e8e1c077ac 200
[debug] [2022-05-25T06:59:52.160Z] <<< [apiv2][body] POST https://upload-firebasehosting.googleapis.com/upload/sites/power-tools-b56dd/versions/09ae16985e67f957/files/4de49f899339a28f7b2c4267011b66d8f07b28199e0d0d6e505071e8e1c077ac [stream]
[debug] [2022-05-25T06:59:52.275Z] <<< [apiv2][status] POST https://upload-firebasehosting.googleapis.com/upload/sites/power-tools-b56dd/versions/09ae16985e67f957/files/8357d55d62bc85a7e9e97f99fe9eb2c3b5cfc559ad10a65c02c6213e1544ecda 200
[debug] [2022-05-25T06:59:52.275Z] <<< [apiv2][body] POST https://upload-firebasehosting.googleapis.com/upload/sites/power-tools-b56dd/versions/09ae16985e67f957/files/8357d55d62bc85a7e9e97f99fe9eb2c3b5cfc559ad10a65c02c6213e1544ecda [stream]
[debug] [2022-05-25T06:59:52.351Z] <<< [apiv2][status] POST https://upload-firebasehosting.googleapis.com/upload/sites/power-tools-b56dd/versions/09ae16985e67f957/files/71cc02ac9af2430385adbb6844a92d227680b3f00707ebb1c61a74cdcc7c6530 200
[debug] [2022-05-25T06:59:52.351Z] <<< [apiv2][body] POST https://upload-firebasehosting.googleapis.com/upload/sites/power-tools-b56dd/versions/09ae16985e67f957/files/71cc02ac9af2430385adbb6844a92d227680b3f00707ebb1c61a74cdcc7c6530 [stream]
[debug] [2022-05-25T06:59:52.383Z] <<< [apiv2][status] POST https://upload-firebasehosting.googleapis.com/upload/sites/power-tools-b56dd/versions/09ae16985e67f957/files/e7d741043ec75e9bfc3c617ac4598bdf666e8a0d318cb0fcfc87c85016bbc4d5 200
[debug] [2022-05-25T06:59:52.384Z] <<< [apiv2][body] POST https://upload-firebasehosting.googleapis.com/upload/sites/power-tools-b56dd/versions/09ae16985e67f957/files/e7d741043ec75e9bfc3c617ac4598bdf666e8a0d318cb0fcfc87c85016bbc4d5 [stream]
[debug] [2022-05-25T06:59:52.507Z] <<< [apiv2][status] POST https://upload-firebasehosting.googleapis.com/upload/sites/power-tools-b56dd/versions/09ae16985e67f957/files/7ebde55bc052f5d6ce4b181d47eb29247d349dfec97860e98cf6cb5836b30d56 200
[debug] [2022-05-25T06:59:52.508Z] <<< [apiv2][body] POST https://upload-firebasehosting.googleapis.com/upload/sites/power-tools-b56dd/versions/09ae16985e67f957/files/7ebde55bc052f5d6ce4b181d47eb29247d349dfec97860e98cf6cb5836b30d56 [stream]
[debug] [2022-05-25T06:59:52.508Z] [hosting][upload queue][FINAL] {"max":2959,"min":2356,"avg":2673.1428571428573,"active":0,"complete":7,"success":7,"errored":0,"retried":0,"total":7,"elapsed":2960}
[info] +  hosting[power-tools-b56dd]: file upload complete 
[debug] [2022-05-25T06:59:52.508Z] [hosting] deploy completed after 6717ms
[debug] [2022-05-25T06:59:52.510Z] [
  {
    "config": {
      "public": "build",
      "ignore": [
        "firebase.json",
        "**/.*",
        "**/node_modules/**"
      ],
      "rewrites": [
        {
          "source": "**",
          "destination": "/index.html"
        }
      ],
      "site": "power-tools-b56dd"
    },
    "site": "power-tools-b56dd",
    "version": "projects/592456504131/sites/power-tools-b56dd/versions/09ae16985e67f957"
  }
]
[info] i  hosting[power-tools-b56dd]: finalizing version... 
[debug] [2022-05-25T06:59:52.511Z] >>> [apiv2][query] PATCH https://firebasehosting.googleapis.com/v1beta1/projects/592456504131/sites/power-tools-b56dd/versions/09ae16985e67f957 updateMask=status%2Cconfig
[debug] [2022-05-25T06:59:52.511Z] >>> [apiv2][body] PATCH https://firebasehosting.googleapis.com/v1beta1/projects/592456504131/sites/power-tools-b56dd/versions/09ae16985e67f957 {"status":"FINALIZED","config":{"rewrites":[{"glob":"**","path":"/index.html"}]}}
[debug] [2022-05-25T06:59:54.819Z] <<< [apiv2][status] PATCH https://firebasehosting.googleapis.com/v1beta1/projects/592456504131/sites/power-tools-b56dd/versions/09ae16985e67f957 200
[debug] [2022-05-25T06:59:54.819Z] <<< [apiv2][body] PATCH https://firebasehosting.googleapis.com/v1beta1/projects/592456504131/sites/power-tools-b56dd/versions/09ae16985e67f957 {"name":"projects/592456504131/sites/power-tools-b56dd/versions/09ae16985e67f957","status":"FINALIZED","config":{"rewrites":[{"glob":"**","path":"/index.html"}]},"labels":{"deployment-tool":"cli-firebase"},"createTime":"2022-05-25T06:59:54.573075Z","createUser":{"email":"sasohanme@gmail.com"},"finalizeTime":"2022-05-25T07:00:03.867261Z","finalizeUser":{"email":"sasohanme@gmail.com"}}
[debug] [2022-05-25T06:59:54.819Z] [hosting] finalized version for power-tools-b56dd:[object Object]
[info] +  hosting[power-tools-b56dd]: version finalized 
[info] i  hosting[power-tools-b56dd]: releasing new version... 
[debug] [2022-05-25T06:59:54.820Z] >>> [apiv2][query] POST https://firebasehosting.googleapis.com/v1beta1/projects/592456504131/sites/power-tools-b56dd/releases versionName=projects%2F592456504131%2Fsites%2Fpower-tools-b56dd%2Fversions%2F09ae16985e67f957
[debug] [2022-05-25T06:59:54.820Z] >>> [apiv2][body] POST https://firebasehosting.googleapis.com/v1beta1/projects/592456504131/sites/power-tools-b56dd/releases {"message":null}
[debug] [2022-05-25T06:59:57.066Z] <<< [apiv2][status] POST https://firebasehosting.googleapis.com/v1beta1/projects/592456504131/sites/power-tools-b56dd/releases 200
[debug] [2022-05-25T06:59:57.066Z] <<< [apiv2][body] POST https://firebasehosting.googleapis.com/v1beta1/projects/592456504131/sites/power-tools-b56dd/releases {"name":"projects/592456504131/sites/power-tools-b56dd/releases/1653462005520448","version":{"name":"projects/592456504131/sites/power-tools-b56dd/versions/09ae16985e67f957","status":"FINALIZED","config":{"rewrites":[{"glob":"**","path":"/index.html"}]},"labels":{"deployment-tool":"cli-firebase"},"createTime":"2022-05-25T06:59:54.573075Z","createUser":{"email":"sasohanme@gmail.com","imageUrl":"https://lh3.googleusercontent.com/a-/AOh14GiGR_m2IO1pQbUKCwOpfU1hd9lAbfuBJRcQ4K_MZKg"},"finalizeTime":"2022-05-25T07:00:03.867261Z","finalizeUser":{"email":"sasohanme@gmail.com","imageUrl":"https://lh3.googleusercontent.com/a-/AOh14GiGR_m2IO1pQbUKCwOpfU1hd9lAbfuBJRcQ4K_MZKg"}},"type":"DEPLOY","releaseTime":"2022-05-25T07:00:05.520448689Z","releaseUser":{"email":"sasohanme@gmail.com","imageUrl":"https://lh3.googleusercontent.com/a-/AOh14GiGR_m2IO1pQbUKCwOpfU1hd9lAbfuBJRcQ4K_MZKg"}}
[debug] [2022-05-25T06:59:57.066Z] [hosting] release: {"name":"projects/592456504131/sites/power-tools-b56dd/releases/1653462005520448","version":{"name":"projects/592456504131/sites/power-tools-b56dd/versions/09ae16985e67f957","status":"FINALIZED","config":{"rewrites":[{"glob":"**","path":"/index.html"}]},"labels":{"deployment-tool":"cli-firebase"},"createTime":"2022-05-25T06:59:54.573075Z","createUser":{"email":"sasohanme@gmail.com","imageUrl":"https://lh3.googleusercontent.com/a-/AOh14GiGR_m2IO1pQbUKCwOpfU1hd9lAbfuBJRcQ4K_MZKg"},"finalizeTime":"2022-05-25T07:00:03.867261Z","finalizeUser":{"email":"sasohanme@gmail.com","imageUrl":"https://lh3.googleusercontent.com/a-/AOh14GiGR_m2IO1pQbUKCwOpfU1hd9lAbfuBJRcQ4K_MZKg"}},"type":"DEPLOY","releaseTime":"2022-05-25T07:00:05.520448689Z","releaseUser":{"email":"sasohanme@gmail.com","imageUrl":"https://lh3.googleusercontent.com/a-/AOh14GiGR_m2IO1pQbUKCwOpfU1hd9lAbfuBJRcQ4K_MZKg"}}
[info] +  hosting[power-tools-b56dd]: release complete 
[debug] [2022-05-25T07:14:11.720Z] ----------------------------------------------------------------------
[debug] [2022-05-25T07:14:11.722Z] Command:       C:\Program Files\nodejs\node.exe C:\Users\sasoh\AppData\Roaming\npm\node_modules\firebase-tools\lib\bin\firebase.js deploy
[debug] [2022-05-25T07:14:11.723Z] CLI Version:   11.0.0
[debug] [2022-05-25T07:14:11.723Z] Platform:      win32
[debug] [2022-05-25T07:14:11.723Z] Node Version:  v16.15.0
[debug] [2022-05-25T07:14:11.723Z] Time:          Wed May 25 2022 13:14:11 GMT+0600 (Bangladesh Standard Time)
[debug] [2022-05-25T07:14:11.724Z] ----------------------------------------------------------------------
[debug] 
[debug] [2022-05-25T07:14:11.782Z] > command requires scopes: ["email","openid","https://www.googleapis.com/auth/cloudplatformprojects.readonly","https://www.googleapis.com/auth/firebase","https://www.googleapis.com/auth/cloud-platform"]
[debug] [2022-05-25T07:14:11.782Z] > authorizing via signed-in user (sasohanme@gmail.com)
[debug] [2022-05-25T07:14:11.783Z] [iam] checking project power-tools-b56dd for permissions ["firebase.projects.get","firebasehosting.sites.update"]
[debug] [2022-05-25T07:14:11.784Z] >>> [apiv2][query] POST https://cloudresourcemanager.googleapis.com/v1/projects/power-tools-b56dd:testIamPermissions [none]
[debug] [2022-05-25T07:14:11.785Z] >>> [apiv2][body] POST https://cloudresourcemanager.googleapis.com/v1/projects/power-tools-b56dd:testIamPermissions {"permissions":["firebase.projects.get","firebasehosting.sites.update"]}
[debug] [2022-05-25T07:14:13.878Z] <<< [apiv2][status] POST https://cloudresourcemanager.googleapis.com/v1/projects/power-tools-b56dd:testIamPermissions 200
[debug] [2022-05-25T07:14:13.878Z] <<< [apiv2][body] POST https://cloudresourcemanager.googleapis.com/v1/projects/power-tools-b56dd:testIamPermissions {"permissions":["firebase.projects.get","firebasehosting.sites.update"]}
[debug] [2022-05-25T07:14:13.879Z] >>> [apiv2][query] GET https://firebase.googleapis.com/v1beta1/projects/power-tools-b56dd [none]
[debug] [2022-05-25T07:14:14.518Z] <<< [apiv2][status] GET https://firebase.googleapis.com/v1beta1/projects/power-tools-b56dd 200
[debug] [2022-05-25T07:14:14.518Z] <<< [apiv2][body] GET https://firebase.googleapis.com/v1beta1/projects/power-tools-b56dd {"projectId":"power-tools-b56dd","projectNumber":"592456504131","displayName":"power-tools","name":"projects/power-tools-b56dd","resources":{"hostingSite":"power-tools-b56dd"},"state":"ACTIVE"}
[info] 
[info] === Deploying to 'power-tools-b56dd'...
[info] 
[info] i  deploying hosting 
[debug] [2022-05-25T07:14:14.520Z] >>> [apiv2][query] GET https://firebase.googleapis.com/v1beta1/projects/power-tools-b56dd [none]
[debug] [2022-05-25T07:14:15.176Z] <<< [apiv2][status] GET https://firebase.googleapis.com/v1beta1/projects/power-tools-b56dd 200
[debug] [2022-05-25T07:14:15.176Z] <<< [apiv2][body] GET https://firebase.googleapis.com/v1beta1/projects/power-tools-b56dd {"projectId":"power-tools-b56dd","projectNumber":"592456504131","displayName":"power-tools","name":"projects/power-tools-b56dd","resources":{"hostingSite":"power-tools-b56dd"},"state":"ACTIVE"}
[debug] [2022-05-25T07:14:15.178Z] >>> [apiv2][query] POST https://firebasehosting.googleapis.com/v1beta1/projects/592456504131/sites/power-tools-b56dd/versions [none]
[debug] [2022-05-25T07:14:15.178Z] >>> [apiv2][body] POST https://firebasehosting.googleapis.com/v1beta1/projects/592456504131/sites/power-tools-b56dd/versions {"config":{"rewrites":[{"glob":"**","path":"/index.html"}]},"labels":{"deployment-tool":"cli-firebase"}}
[debug] [2022-05-25T07:14:17.672Z] <<< [apiv2][status] POST https://firebasehosting.googleapis.com/v1beta1/projects/592456504131/sites/power-tools-b56dd/versions 200
[debug] [2022-05-25T07:14:17.672Z] <<< [apiv2][body] POST https://firebasehosting.googleapis.com/v1beta1/projects/592456504131/sites/power-tools-b56dd/versions {"name":"projects/592456504131/sites/power-tools-b56dd/versions/d37d11ed5df7ac3b","status":"CREATED","config":{"rewrites":[{"glob":"**","path":"/index.html"}]},"labels":{"deployment-tool":"cli-firebase"}}
[info] i  hosting[power-tools-b56dd]: beginning deploy... 
[info] i  hosting[power-tools-b56dd]: found 23 files in build 
[debug] [2022-05-25T07:14:17.682Z] [hosting] uploading with 200 concurrency
[debug] [2022-05-25T07:14:17.886Z] [hosting] hash cache [YnVpbGQ] stored for 23 files
[debug] [2022-05-25T07:14:17.886Z] [hosting][hash queue][FINAL] {"max":198,"min":2,"avg":21.434782608695652,"active":0,"complete":23,"success":23,"errored":0,"retried":0,"total":23,"elapsed":202}
[debug] [2022-05-25T07:14:17.887Z] >>> [apiv2][query] POST https://firebasehosting.googleapis.com/v1beta1/projects/592456504131/sites/power-tools-b56dd/versions/d37d11ed5df7ac3b:populateFiles [none]
[debug] [2022-05-25T07:14:17.887Z] >>> [apiv2][body] POST https://firebasehosting.googleapis.com/v1beta1/projects/592456504131/sites/power-tools-b56dd/versions/d37d11ed5df7ac3b:populateFiles {"files":{"/banner1.jpg":"ec11614110d054f25ce509e1b8300b6195d282993c63f2f84a3cdb07323cd815","/banner2.jpg":"60b5f4f564bb7231c86b458eb450d998774b2e77c7b59def2856ab0d7ed5bf03","/banner3.jpg":"499b27730ced537856853ba5a9bae2e9451004e3c12496349e920df7a52a49ba","/banner4.jpg":"4705055eed39270533a7774fc47d7ec2f344b1843691dde4964d956f08b91bdb","/favicon.ico":"eae62e993eb980ec8a25058c39d5a51feab118bd2100c4deebb2a9c158ec11f9","/logo192.png":"3ee59515172ee198f3be375979df15ac5345183e656720a381b8872b2a39dc8b","/logo512.png":"ee7e2f3fdb8209c4b6fd7bef6ba50d1b9dba30a25bb5c3126df057e1cb6f5331","/manifest.json":"aff3449bdc238776f5d6d967f19ec491b36aed5fb7f23ccff6500736fd58494a","/robots.txt":"bfe106a3fb878dc83461c86818bf74fc1bdc7f28538ba613cd3e775516ce8b49","/sale.jpg":"0c22047743898b514a72a744561b0ca56d83154804bc4652ef9007ac98546fe8","/suggestion.jpg":"cdd1d6ffea2ddb9b1d1bf996cefd9390565386dcb938af2dbe0cb5fd41348e67","/asset-manifest.json":"70ca16dadc18dcf6d7fbdc4dc47480421ec76d94237182f88e0667df8b220f81","/static/js/787.78677257.chunk.js.map":"78a787741691fece1a83354c791d361f74aec2e1ab4b8afee71f6dccbebd5477","/index.html":"24baf5ae1874ecb25f98b630f37ff0899d0ac9ce18791e0a72d08f5745e6b34c","/static/js/main.25432986.js.LICENSE.txt":"9fc11873fb68a0e19709423431ebb205aac248d12e73c6085f3a48b78ca87394","/static/css/main.efd93a7c.css.map":"f1cd4f76ee501a48307378eb1c4e7b778a1d752b689573f5df362e8cd2482e66","/static/css/main.efd93a7c.css":"446f8a8f67552f5cf0d4485f92055b23917d967d9c2ebc6e14ccefbb759cd002","/static/js/787.78677257.chunk.js":"aad05ed6261f1bf6d2a736cb7e3d577c9f90c445258fdcda5c1c50121fcbacda","/static/media/Business.7cbbac2bac1fc0994f92.jpg":"a8521f55d6539a6ff791a1ac4b1b57bb49a34c1171b57bc423f7aa5cec4c32d9","/static/media/NotFound.941eebb1b70c3c28410e.jpg":"c0c72fb1bfa4d82650f6cba5fe7af68cb5dd2e2810e93c9e30bcb8cdd94cd328","/static/js/main.25432986.js":"2e11f5ea258aa408af7d7a48382d9973aa54ed8e7fb63fa1848352f7cbdf1e0c","/static/media/portfolio.93a2170ada1005429f24.jpg":"a74bbc438ddbb55371a6fa126ff214566393761eb38d1489ddbd040bca40041f","/static/js/main.25432986.js.map":"ee82d56735af1c2d0cf5ec4bf1a118fd6a6002f7aa1572e8760e17f633a4cb35"}}
[debug] [2022-05-25T07:14:21.095Z] <<< [apiv2][status] POST https://firebasehosting.googleapis.com/v1beta1/projects/592456504131/sites/power-tools-b56dd/versions/d37d11ed5df7ac3b:populateFiles 200
[debug] [2022-05-25T07:14:21.095Z] <<< [apiv2][body] POST https://firebasehosting.googleapis.com/v1beta1/projects/592456504131/sites/power-tools-b56dd/versions/d37d11ed5df7ac3b:populateFiles {"uploadRequiredHashes":["70ca16dadc18dcf6d7fbdc4dc47480421ec76d94237182f88e0667df8b220f81","f1cd4f76ee501a48307378eb1c4e7b778a1d752b689573f5df362e8cd2482e66","ee82d56735af1c2d0cf5ec4bf1a118fd6a6002f7aa1572e8760e17f633a4cb35","24baf5ae1874ecb25f98b630f37ff0899d0ac9ce18791e0a72d08f5745e6b34c","2e11f5ea258aa408af7d7a48382d9973aa54ed8e7fb63fa1848352f7cbdf1e0c","446f8a8f67552f5cf0d4485f92055b23917d967d9c2ebc6e14ccefbb759cd002"],"uploadUrl":"https://upload-firebasehosting.googleapis.com/upload/sites/power-tools-b56dd/versions/d37d11ed5df7ac3b/files"}
[debug] [2022-05-25T07:14:21.096Z] >>> [apiv2][query] POST https://upload-firebasehosting.googleapis.com/upload/sites/power-tools-b56dd/versions/d37d11ed5df7ac3b/files/70ca16dadc18dcf6d7fbdc4dc47480421ec76d94237182f88e0667df8b220f81 [none]
[debug] [2022-05-25T07:14:21.096Z] >>> [apiv2][body] POST https://upload-firebasehosting.googleapis.com/upload/sites/power-tools-b56dd/versions/d37d11ed5df7ac3b/files/70ca16dadc18dcf6d7fbdc4dc47480421ec76d94237182f88e0667df8b220f81 [stream]
[debug] [2022-05-25T07:14:21.098Z] >>> [apiv2][query] POST https://upload-firebasehosting.googleapis.com/upload/sites/power-tools-b56dd/versions/d37d11ed5df7ac3b/files/f1cd4f76ee501a48307378eb1c4e7b778a1d752b689573f5df362e8cd2482e66 [none]
[debug] [2022-05-25T07:14:21.098Z] >>> [apiv2][body] POST https://upload-firebasehosting.googleapis.com/upload/sites/power-tools-b56dd/versions/d37d11ed5df7ac3b/files/f1cd4f76ee501a48307378eb1c4e7b778a1d752b689573f5df362e8cd2482e66 [stream]
[debug] [2022-05-25T07:14:21.099Z] >>> [apiv2][query] POST https://upload-firebasehosting.googleapis.com/upload/sites/power-tools-b56dd/versions/d37d11ed5df7ac3b/files/ee82d56735af1c2d0cf5ec4bf1a118fd6a6002f7aa1572e8760e17f633a4cb35 [none]
[debug] [2022-05-25T07:14:21.099Z] >>> [apiv2][body] POST https://upload-firebasehosting.googleapis.com/upload/sites/power-tools-b56dd/versions/d37d11ed5df7ac3b/files/ee82d56735af1c2d0cf5ec4bf1a118fd6a6002f7aa1572e8760e17f633a4cb35 [stream]
[debug] [2022-05-25T07:14:21.100Z] >>> [apiv2][query] POST https://upload-firebasehosting.googleapis.com/upload/sites/power-tools-b56dd/versions/d37d11ed5df7ac3b/files/24baf5ae1874ecb25f98b630f37ff0899d0ac9ce18791e0a72d08f5745e6b34c [none]
[debug] [2022-05-25T07:14:21.100Z] >>> [apiv2][body] POST https://upload-firebasehosting.googleapis.com/upload/sites/power-tools-b56dd/versions/d37d11ed5df7ac3b/files/24baf5ae1874ecb25f98b630f37ff0899d0ac9ce18791e0a72d08f5745e6b34c [stream]
[debug] [2022-05-25T07:14:21.101Z] >>> [apiv2][query] POST https://upload-firebasehosting.googleapis.com/upload/sites/power-tools-b56dd/versions/d37d11ed5df7ac3b/files/2e11f5ea258aa408af7d7a48382d9973aa54ed8e7fb63fa1848352f7cbdf1e0c [none]
[debug] [2022-05-25T07:14:21.101Z] >>> [apiv2][body] POST https://upload-firebasehosting.googleapis.com/upload/sites/power-tools-b56dd/versions/d37d11ed5df7ac3b/files/2e11f5ea258aa408af7d7a48382d9973aa54ed8e7fb63fa1848352f7cbdf1e0c [stream]
[debug] [2022-05-25T07:14:21.102Z] >>> [apiv2][query] POST https://upload-firebasehosting.googleapis.com/upload/sites/power-tools-b56dd/versions/d37d11ed5df7ac3b/files/446f8a8f67552f5cf0d4485f92055b23917d967d9c2ebc6e14ccefbb759cd002 [none]
[debug] [2022-05-25T07:14:21.102Z] >>> [apiv2][body] POST https://upload-firebasehosting.googleapis.com/upload/sites/power-tools-b56dd/versions/d37d11ed5df7ac3b/files/446f8a8f67552f5cf0d4485f92055b23917d967d9c2ebc6e14ccefbb759cd002 [stream]
[debug] [2022-05-25T07:14:21.103Z] [hosting][populate queue][FINAL] {"max":3211,"min":3211,"avg":3211,"active":0,"complete":1,"success":1,"errored":0,"retried":0,"total":1,"elapsed":3218}
[debug] [2022-05-25T07:14:21.103Z] [hosting] uploads queued: 6
[debug] [2022-05-25T07:14:24.798Z] <<< [apiv2][status] POST https://upload-firebasehosting.googleapis.com/upload/sites/power-tools-b56dd/versions/d37d11ed5df7ac3b/files/70ca16dadc18dcf6d7fbdc4dc47480421ec76d94237182f88e0667df8b220f81 200
[debug] [2022-05-25T07:14:24.798Z] <<< [apiv2][body] POST https://upload-firebasehosting.googleapis.com/upload/sites/power-tools-b56dd/versions/d37d11ed5df7ac3b/files/70ca16dadc18dcf6d7fbdc4dc47480421ec76d94237182f88e0667df8b220f81 [stream]
[debug] [2022-05-25T07:14:25.570Z] <<< [apiv2][status] POST https://upload-firebasehosting.googleapis.com/upload/sites/power-tools-b56dd/versions/d37d11ed5df7ac3b/files/446f8a8f67552f5cf0d4485f92055b23917d967d9c2ebc6e14ccefbb759cd002 200
[debug] [2022-05-25T07:14:25.570Z] <<< [apiv2][body] POST https://upload-firebasehosting.googleapis.com/upload/sites/power-tools-b56dd/versions/d37d11ed5df7ac3b/files/446f8a8f67552f5cf0d4485f92055b23917d967d9c2ebc6e14ccefbb759cd002 [stream]
[debug] [2022-05-25T07:14:25.660Z] <<< [apiv2][status] POST https://upload-firebasehosting.googleapis.com/upload/sites/power-tools-b56dd/versions/d37d11ed5df7ac3b/files/24baf5ae1874ecb25f98b630f37ff0899d0ac9ce18791e0a72d08f5745e6b34c 200
[debug] [2022-05-25T07:14:25.661Z] <<< [apiv2][body] POST https://upload-firebasehosting.googleapis.com/upload/sites/power-tools-b56dd/versions/d37d11ed5df7ac3b/files/24baf5ae1874ecb25f98b630f37ff0899d0ac9ce18791e0a72d08f5745e6b34c [stream]
[debug] [2022-05-25T07:14:25.720Z] <<< [apiv2][status] POST https://upload-firebasehosting.googleapis.com/upload/sites/power-tools-b56dd/versions/d37d11ed5df7ac3b/files/f1cd4f76ee501a48307378eb1c4e7b778a1d752b689573f5df362e8cd2482e66 200
[debug] [2022-05-25T07:14:25.720Z] <<< [apiv2][body] POST https://upload-firebasehosting.googleapis.com/upload/sites/power-tools-b56dd/versions/d37d11ed5df7ac3b/files/f1cd4f76ee501a48307378eb1c4e7b778a1d752b689573f5df362e8cd2482e66 [stream]
[debug] [2022-05-25T07:14:25.797Z] <<< [apiv2][status] POST https://upload-firebasehosting.googleapis.com/upload/sites/power-tools-b56dd/versions/d37d11ed5df7ac3b/files/ee82d56735af1c2d0cf5ec4bf1a118fd6a6002f7aa1572e8760e17f633a4cb35 200
[debug] [2022-05-25T07:14:25.797Z] <<< [apiv2][body] POST https://upload-firebasehosting.googleapis.com/upload/sites/power-tools-b56dd/versions/d37d11ed5df7ac3b/files/ee82d56735af1c2d0cf5ec4bf1a118fd6a6002f7aa1572e8760e17f633a4cb35 [stream]
[debug] [2022-05-25T07:14:26.175Z] <<< [apiv2][status] POST https://upload-firebasehosting.googleapis.com/upload/sites/power-tools-b56dd/versions/d37d11ed5df7ac3b/files/2e11f5ea258aa408af7d7a48382d9973aa54ed8e7fb63fa1848352f7cbdf1e0c 200
[debug] [2022-05-25T07:14:26.175Z] <<< [apiv2][body] POST https://upload-firebasehosting.googleapis.com/upload/sites/power-tools-b56dd/versions/d37d11ed5df7ac3b/files/2e11f5ea258aa408af7d7a48382d9973aa54ed8e7fb63fa1848352f7cbdf1e0c [stream]
[debug] [2022-05-25T07:14:26.176Z] [hosting][upload queue][FINAL] {"max":5080,"min":3703,"avg":4524.5,"active":0,"complete":6,"success":6,"errored":0,"retried":0,"total":6,"elapsed":5081}
[info] +  hosting[power-tools-b56dd]: file upload complete 
[debug] [2022-05-25T07:14:26.176Z] [hosting] deploy completed after 8503ms
[debug] [2022-05-25T07:14:26.178Z] [
  {
    "config": {
      "public": "build",
      "ignore": [
        "firebase.json",
        "**/.*",
        "**/node_modules/**"
      ],
      "rewrites": [
        {
          "source": "**",
          "destination": "/index.html"
        }
      ],
      "site": "power-tools-b56dd"
    },
    "site": "power-tools-b56dd",
    "version": "projects/592456504131/sites/power-tools-b56dd/versions/d37d11ed5df7ac3b"
  }
]
[info] i  hosting[power-tools-b56dd]: finalizing version... 
[debug] [2022-05-25T07:14:26.179Z] >>> [apiv2][query] PATCH https://firebasehosting.googleapis.com/v1beta1/projects/592456504131/sites/power-tools-b56dd/versions/d37d11ed5df7ac3b updateMask=status%2Cconfig
[debug] [2022-05-25T07:14:26.180Z] >>> [apiv2][body] PATCH https://firebasehosting.googleapis.com/v1beta1/projects/592456504131/sites/power-tools-b56dd/versions/d37d11ed5df7ac3b {"status":"FINALIZED","config":{"rewrites":[{"glob":"**","path":"/index.html"}]}}
[debug] [2022-05-25T07:14:28.504Z] <<< [apiv2][status] PATCH https://firebasehosting.googleapis.com/v1beta1/projects/592456504131/sites/power-tools-b56dd/versions/d37d11ed5df7ac3b 200
[debug] [2022-05-25T07:14:28.504Z] <<< [apiv2][body] PATCH https://firebasehosting.googleapis.com/v1beta1/projects/592456504131/sites/power-tools-b56dd/versions/d37d11ed5df7ac3b {"name":"projects/592456504131/sites/power-tools-b56dd/versions/d37d11ed5df7ac3b","status":"FINALIZED","config":{"rewrites":[{"glob":"**","path":"/index.html"}]},"labels":{"deployment-tool":"cli-firebase"},"createTime":"2022-05-25T07:14:26.590516Z","createUser":{"email":"sasohanme@gmail.com"},"finalizeTime":"2022-05-25T07:14:37.257908Z","finalizeUser":{"email":"sasohanme@gmail.com"}}
[debug] [2022-05-25T07:14:28.504Z] [hosting] finalized version for power-tools-b56dd:[object Object]
[info] +  hosting[power-tools-b56dd]: version finalized 
[info] i  hosting[power-tools-b56dd]: releasing new version... 
[debug] [2022-05-25T07:14:28.505Z] >>> [apiv2][query] POST https://firebasehosting.googleapis.com/v1beta1/projects/592456504131/sites/power-tools-b56dd/releases versionName=projects%2F592456504131%2Fsites%2Fpower-tools-b56dd%2Fversions%2Fd37d11ed5df7ac3b
[debug] [2022-05-25T07:14:28.505Z] >>> [apiv2][body] POST https://firebasehosting.googleapis.com/v1beta1/projects/592456504131/sites/power-tools-b56dd/releases {"message":null}
[debug] [2022-05-25T07:14:31.831Z] <<< [apiv2][status] POST https://firebasehosting.googleapis.com/v1beta1/projects/592456504131/sites/power-tools-b56dd/releases 200
[debug] [2022-05-25T07:14:31.831Z] <<< [apiv2][body] POST https://firebasehosting.googleapis.com/v1beta1/projects/592456504131/sites/power-tools-b56dd/releases {"name":"projects/592456504131/sites/power-tools-b56dd/releases/1653462879655543","version":{"name":"projects/592456504131/sites/power-tools-b56dd/versions/d37d11ed5df7ac3b","status":"FINALIZED","config":{"rewrites":[{"glob":"**","path":"/index.html"}]},"labels":{"deployment-tool":"cli-firebase"},"createTime":"2022-05-25T07:14:26.590516Z","createUser":{"email":"sasohanme@gmail.com","imageUrl":"https://lh3.googleusercontent.com/a-/AOh14GiGR_m2IO1pQbUKCwOpfU1hd9lAbfuBJRcQ4K_MZKg"},"finalizeTime":"2022-05-25T07:14:37.257908Z","finalizeUser":{"email":"sasohanme@gmail.com","imageUrl":"https://lh3.googleusercontent.com/a-/AOh14GiGR_m2IO1pQbUKCwOpfU1hd9lAbfuBJRcQ4K_MZKg"}},"type":"DEPLOY","releaseTime":"2022-05-25T07:14:39.655543082Z","releaseUser":{"email":"sasohanme@gmail.com","imageUrl":"https://lh3.googleusercontent.com/a-/AOh14GiGR_m2IO1pQbUKCwOpfU1hd9lAbfuBJRcQ4K_MZKg"}}
[debug] [2022-05-25T07:14:31.831Z] [hosting] release: {"name":"projects/592456504131/sites/power-tools-b56dd/releases/1653462879655543","version":{"name":"projects/592456504131/sites/power-tools-b56dd/versions/d37d11ed5df7ac3b","status":"FINALIZED","config":{"rewrites":[{"glob":"**","path":"/index.html"}]},"labels":{"deployment-tool":"cli-firebase"},"createTime":"2022-05-25T07:14:26.590516Z","createUser":{"email":"sasohanme@gmail.com","imageUrl":"https://lh3.googleusercontent.com/a-/AOh14GiGR_m2IO1pQbUKCwOpfU1hd9lAbfuBJRcQ4K_MZKg"},"finalizeTime":"2022-05-25T07:14:37.257908Z","finalizeUser":{"email":"sasohanme@gmail.com","imageUrl":"https://lh3.googleusercontent.com/a-/AOh14GiGR_m2IO1pQbUKCwOpfU1hd9lAbfuBJRcQ4K_MZKg"}},"type":"DEPLOY","releaseTime":"2022-05-25T07:14:39.655543082Z","releaseUser":{"email":"sasohanme@gmail.com","imageUrl":"https://lh3.googleusercontent.com/a-/AOh14GiGR_m2IO1pQbUKCwOpfU1hd9lAbfuBJRcQ4K_MZKg"}}
[info] +  hosting[power-tools-b56dd]: release complete 
